<?xml version="1.0" encoding="UTF-8"?>
<!-- Generated by org.testng.reporters.JUnitReportReporter -->
<testsuite hostname="Shakir" failures="0" tests="4" name="hw11Q2selenium.Moderna" time="26.823" errors="0" timestamp="2021-09-14T03:04:21 EDT" skipped="0">
  <testcase classname="hw11Q2selenium.Moderna" name="search" time="3.679"/>
  <system-out/>
  <testcase classname="hw11Q2selenium.Moderna" name="searchbarclick" time="14.217"/>
  <system-out/>
  <testcase classname="hw11Q2selenium.Moderna" name="actionPipeline" time="8.855"/>
  <system-out/>
  <testcase classname="hw11Q2selenium.Moderna" name="getTextInvestors" time="0.072"/>
  <system-out/>
</testsuite> <!-- hw11Q2selenium.Moderna -->
