<?xml version="1.0" encoding="UTF-8"?>
<!-- Generated by org.testng.reporters.JUnitReportReporter -->
<testsuite hostname="Shakir" failures="0" tests="6" name="hw11Q2selenium.Moderna" time="43.339" errors="0" timestamp="2021-09-14T18:18:51 EDT" skipped="0">
  <testcase classname="hw11Q2selenium.Moderna" name="search" time="3.166"/>
  <system-out/>
  <testcase classname="hw11Q2selenium.Moderna" name="searchbarclick" time="13.516"/>
  <system-out/>
  <testcase classname="hw11Q2selenium.Moderna" name="actionPipeline" time="8.604"/>
  <system-out/>
  <testcase classname="hw11Q2selenium.Moderna" name="getTextInvestors" time="0.066"/>
  <system-out/>
  <testcase classname="hw11Q2selenium.Moderna" name="navigation" time="12.917"/>
  <system-out/>
  <testcase classname="hw11Q2selenium.Moderna" name="dimensionSet" time="5.070"/>
  <system-out/>
</testsuite> <!-- hw11Q2selenium.Moderna -->
