<?xml version="1.0" encoding="UTF-8"?>
<!-- Generated by org.testng.reporters.JUnitReportReporter -->
<testsuite hostname="Shakir" failures="0" tests="9" name="hw11Q2selenium.Moderna" time="45.353" errors="0" timestamp="2021-09-14T19:54:11 EDT" skipped="0">
  <testcase classname="hw11Q2selenium.Moderna" name="search" time="3.210"/>
  <system-out/>
  <testcase classname="hw11Q2selenium.Moderna" name="searchbarclick" time="13.373"/>
  <system-out/>
  <testcase classname="hw11Q2selenium.Moderna" name="actionPipeline" time="8.477"/>
  <system-out/>
  <testcase classname="hw11Q2selenium.Moderna" name="getTextInvestors" time="0.064"/>
  <system-out/>
  <testcase classname="hw11Q2selenium.Moderna" name="navigation" time="12.424"/>
  <system-out/>
  <testcase classname="hw11Q2selenium.Moderna" name="dimensionSet" time="7.625"/>
  <system-out/>
  <testcase classname="hw11Q2selenium.Moderna" name="logoTest" time="0.097"/>
  <system-out/>
  <testcase classname="hw11Q2selenium.Moderna" name="enableLogoCheck" time="0.040"/>
  <system-out/>
  <testcase classname="hw11Q2selenium.Moderna" name="selectableLogoCheck" time="0.043"/>
  <system-out/>
</testsuite> <!-- hw11Q2selenium.Moderna -->
